[INFO] Scanning for projects...
[INFO] 
[INFO] ----------------< org.acme:your-bamoe-business-service >----------------
[INFO] Building your-bamoe-business-service 1.0.0-SNAPSHOT
[INFO]   from pom.xml
[INFO] --------------------------------[ jar ]---------------------------------
[INFO] 
[INFO] --- clean:3.2.0:clean (default-clean) @ your-bamoe-business-service ---
[INFO] Deleting D:\SAMADHAN_AI\Bamoe\target
[INFO] 
[INFO] --- resources:3.3.1:resources (default-resources) @ your-bamoe-business-service ---
[INFO] Copying 3 resources from src\main\resources to target\classes
[INFO] The encoding used to copy filtered properties files have not been set. This means that the same encoding will be used to copy filtered properties files as when copying other filtered resources. This might not be what you want! Run your build with --debug to see which files might be affected. Read more at https://maven.apache.org/plugins/maven-resources-plugin/examples/filtering-properties-files.html
[INFO] 
[INFO] --- compiler:3.11.0:compile (default-compile) @ your-bamoe-business-service ---
[INFO] Changes detected - recompiling the module! :source
[INFO] Compiling 9 source files with javac [debug release 17] to target\classes
[INFO] 
[INFO] >>> spring-boot:3.5.14:run (default-cli) > test-compile @ your-bamoe-business-service >>>
[INFO] 
[INFO] --- resources:3.3.1:resources (default-resources) @ your-bamoe-business-service ---
[INFO] Copying 3 resources from src\main\resources to target\classes
[INFO] The encoding used to copy filtered properties files have not been set. This means that the same encoding will be used to copy filtered properties files as when copying other filtered resources. This might not be what you want! Run your build with --debug to see which files might be affected. Read more at https://maven.apache.org/plugins/maven-resources-plugin/examples/filtering-properties-files.html
[INFO] 
[INFO] --- compiler:3.11.0:compile (default-compile) @ your-bamoe-business-service ---
[INFO] Nothing to compile - all classes are up to date
[INFO] 
[INFO] --- kogito:9.4.2-ibm-0002:generateModel (default) @ your-bamoe-business-service ---
[INFO] ========================================
[INFO]   Kogito Code Generation Configuration
[INFO] ========================================
[INFO]   Java Version        : 17
[INFO]   Source Encoding     : UTF-8
[INFO]   Base Directory      : D:\SAMADHAN_AI\Bamoe
[INFO]   Output Directory    : D:\SAMADHAN_AI\Bamoe\target\classes
[INFO]   JSON Schema Version : nd
[INFO]   Persistence Enabled : false
[INFO]   Keep Sources        : false
[INFO]   Framework           : SPRING
[INFO] ========================================
[INFO] Building project: org.acme:your-bamoe-business-service:1.0.0-SNAPSHOT
[INFO] Reflections took 5631 ms to scan 358 urls, producing 16125 keys and 84734 values
[INFO] Performed addonsConfig discovery, found: AddonsConfig{usePersistence=true, useTracing=false, useMonitoring=false, usePrometheusMonitoring=false, useCloudEvents=false, useExplainability=false, useProcessSVG=true, useEventDrivenDecisions=false, useEventDrivenRules=false, useProcessSources=true}
2026-06-24T07:26:51.466796100Z main ERROR Log4j API could not find a logging provider.
[INFO] Generator discovery performed, found [processes, rules, decisions, predictions, messaging, usertasks]
[INFO] Skipping generator 'decisions' because disabled
[INFO] Skipping generator 'predictions' because disabled
[INFO] Skipping generator 'messaging' because disabled
[INFO] No rule unit is present: generate KieRuntimeBuilder implementation.
[INFO] Writing file: org\kie\kogito\app\Application.java
[INFO] Writing file: org\drools\bpmn2\ApprovalModelInput.java
[INFO] Writing file: org\drools\project\model\ProjectRuntime.java
[INFO] Writing file: org\drools\bpmn2\Approval_makerTask_TaskModel.java
[INFO] Writing file: org\kie\kogito\app\UnitOfWorkExecutorInitializer.java
[INFO] Writing file: org\kie\kogito\app\SourceFilesProviderProducer.java
[INFO] Writing file: org\kie\kogito\app\UserTaskLifeCycles.java
[INFO] Writing file: org\kie\kogito\app\UserTasksResource.java
[INFO] Writing file: org\kie\kogito\app\ExceptionHandlerTransaction.java
[INFO] Writing file: org\drools\bpmn2\Approval_checkerTask_TaskOutput.java
[INFO] Writing file: org\kie\kogito\app\RuleConfig.java
[INFO] Writing file: org\drools\bpmn2\ApprovalModel.java
[INFO] Writing file: org\kie\kogito\app\UserTaskServiceProducer.java
[INFO] Writing file: org\drools\bpmn2\Approval_MakerTask.java
[INFO] Writing file: org\drools\bpmn2\Approval_makerTask_TaskInput.java
[INFO] Writing file: org\drools\bpmn2\ApprovalProcess.java
[INFO] Writing file: org\drools\bpmn2\Approval_checkerTask_TaskInput.java
[INFO] Writing file: org\drools\bpmn2\Approval_makerTask_TaskOutput.java
[INFO] Writing file: org\drools\bpmn2\Approval_TaskModelFactory.java
[INFO] Writing file: org\kie\kogito\app\RuleUnits.java
[INFO] Writing file: org\kie\kogito\app\GlobalObjectMapper.java
[INFO] Writing file: org\kie\kogito\app\Processes.java
[INFO] Writing file: org\drools\project\model\ProjectModel.java
[INFO] Writing file: org\drools\bpmn2\ApprovalResource.java
[INFO] Writing file: org\kie\kogito\app\ApplicationConfig.java
[INFO] Writing file: org\kie\kogito\app\UserTaskConfig.java
[INFO] Writing file: org\kie\kogito\app\ProcessCloudEventMetaFactory.java
[INFO] Writing file: org\drools\bpmn2\ApprovalProcessInstance.java
[INFO] Writing file: org\drools\bpmn2\Approval_CheckerTask.java
[INFO] Writing file: org\drools\bpmn2\Approval_checkerTask_TaskModel.java
[INFO] Writing file: org\kie\kogito\app\ProcessConfig.java
[INFO] Writing file: org\kie\kogito\app\UserTasks.java
[INFO] Writing file: org\kie\kogito\app\ProcessServiceProducer.java
[INFO] Writing file: org\kie\kogito\app\ConfigBean.java
[INFO] Writing file: org\drools\bpmn2\ApprovalModelOutput.java
[INFO] Writing file: org\drools\bpmn2\ApprovalResource.class
[INFO] Writing file: org\drools\bpmn2\ApprovalModelOutput.class
[INFO] Writing file: org\kie\kogito\app\UnitOfWorkExecutorInitializer.class
[INFO] Writing file: org\kie\kogito\app\Processes.class
[INFO] Writing file: org\drools\bpmn2\Approval_makerTask_TaskOutput.class
[INFO] Writing file: org\drools\bpmn2\Approval_checkerTask_TaskOutput.class
[INFO] Writing file: org\drools\bpmn2\Approval_checkerTask_TaskModel.class
[INFO] Writing file: org\kie\kogito\app\UserTasksResource.class
[INFO] Writing file: org\drools\project\model\ProjectRuntime.class
[INFO] Writing file: org\kie\kogito\app\RuleConfig.class
[INFO] Writing file: org\kie\kogito\app\Application.class
[INFO] Writing file: org\kie\kogito\app\SourceFilesProviderProducer.class
[INFO] Writing file: org\kie\kogito\app\GlobalObjectMapper$1.class
[INFO] Writing file: org\drools\bpmn2\Approval_TaskModelFactory.class
[INFO] Writing file: org\kie\kogito\app\RuleUnits.class
[INFO] Writing file: org\kie\kogito\app\ProcessConfig.class
[INFO] Writing file: org\drools\bpmn2\Approval_CheckerTask.class
[INFO] Writing file: org\kie\kogito\app\UserTaskServiceProducer.class
[INFO] Writing file: org\drools\bpmn2\ApprovalModelInput.class
[INFO] Writing file: org\drools\bpmn2\Approval_MakerTask.class
[INFO] Writing file: org\drools\bpmn2\ApprovalModel.class
[INFO] Writing file: org\kie\kogito\app\ApplicationConfig.class
[INFO] Writing file: org\kie\kogito\app\GlobalObjectMapper.class
[INFO] Writing file: org\kie\kogito\app\ProcessServiceProducer.class
[INFO] Writing file: org\kie\kogito\app\ExceptionHandlerTransaction.class
[INFO] Writing file: org\kie\kogito\app\ConfigBean.class
[INFO] Writing file: org\kie\kogito\app\UserTaskConfig.class
[INFO] Writing file: org\drools\project\model\ProjectModel.class
[INFO] Writing file: org\drools\bpmn2\Approval_makerTask_TaskInput.class
[INFO] Writing file: org\drools\bpmn2\Approval_checkerTask_TaskInput.class
[INFO] Writing file: org\drools\bpmn2\ApprovalProcess.class
[INFO] Writing file: org\drools\bpmn2\Approval_makerTask_TaskModel.class
[INFO] Writing file: org\kie\kogito\app\UserTasks.class
[INFO] Writing file: org\kie\kogito\app\UserTaskLifeCycles.class
[INFO] Writing file: org\drools\bpmn2\ApprovalProcessInstance.class
[INFO] Writing file: org\kie\kogito\app\ProcessCloudEventMetaFactory.class
[INFO] Reflections took 6433 ms to scan 358 urls, producing 16145 keys and 84812 values
[INFO] Writing file: META-INF\jsonSchema\approval_Checker.json
[INFO] Writing file: META-INF\kogito-types.proto
[INFO] Writing file: META-INF\resources\persistence\protobuf\approval.proto
[INFO] Writing file: META-INF\resources\persistence\protobuf\list.json
[INFO] Writing file: META-INF\application-types.proto
[INFO] Writing file: META-INF\jsonSchema\approval_Maker.json
[INFO] Writing file: META-INF\jsonSchema\approval.json
[INFO] Project build done
[INFO] 
[INFO] --- resources:3.3.1:testResources (default-testResources) @ your-bamoe-business-service ---
[INFO] skip non existing resourceDirectory D:\SAMADHAN_AI\Bamoe\src\test\resources
[INFO] 
[INFO] --- compiler:3.11.0:testCompile (default-testCompile) @ your-bamoe-business-service ---
[INFO] Changes detected - recompiling the module! :dependency
[INFO] Compiling 1 source file with javac [debug release 17] to target\test-classes
[INFO] 
[INFO] <<< spring-boot:3.5.14:run (default-cli) < test-compile @ your-bamoe-business-service <<<
[INFO] 
[INFO] 
[INFO] --- spring-boot:3.5.14:run (default-cli) @ your-bamoe-business-service ---
[INFO] Attaching agents: []
SLF4J: A SLF4J service provider failed to instantiate:
org.slf4j.spi.SLF4JServiceProvider: Provider org.slf4j.impl.JBossSlf4jServiceProvider could not be instantiated

  .   ____          _            __ _ _
 /\\ / ___'_ __ _ _(_)_ __  __ _ \ \ \ \
( ( )\___ | '_ | '_| | '_ \/ _` | \ \ \ \
 \\/  ___)| |_)| | | | | || (_| |  ) ) ) )
  '  |____| .__|_| |_|_| |_\__, | / / / /
 =========|_|==============|___/=/_/_/_/

 :: Spring Boot ::               (v3.5.14)

2026-06-24T12:57:21.427+05:30  INFO 16164 --- [  restartedMain] org.acme.BamoeSpringBootApplication      : Starting BamoeSpringBootApplication using Java 21.0.7 with PID 16164 (D:\SAMADHAN_AI\Bamoe\target\classes started by kapil in D:\SAMADHAN_AI\Bamoe)
2026-06-24T12:57:21.432+05:30  INFO 16164 --- [  restartedMain] org.acme.BamoeSpringBootApplication      : The following 1 profile is active: "dev"
2026-06-24T12:57:21.553+05:30  INFO 16164 --- [  restartedMain] o.s.b.devtools.restart.ChangeableUrls    : The Class-Path manifest attribute in C:\Users\kapil\.m2\repository\org\apache\opennlp\opennlp-tools\2.5.4\opennlp-tools-2.5.4.jar referenced one or more files that do not exist: file:/C:/Users/kapil/.m2/repository/org/apache/opennlp/opennlp-tools/2.5.4/slf4j-api-2.0.17.jar
2026-06-24T12:57:21.553+05:30  INFO 16164 --- [  restartedMain] .e.DevToolsPropertyDefaultsPostProcessor : Devtools property defaults active! Set 'spring.devtools.add-properties' to 'false' to disable
2026-06-24T12:57:21.553+05:30  INFO 16164 --- [  restartedMain] .e.DevToolsPropertyDefaultsPostProcessor : For additional web related logging consider setting the 'logging.level.web' property to 'DEBUG'
2026-06-24T12:57:28.200+05:30  INFO 16164 --- [  restartedMain] .s.d.r.c.RepositoryConfigurationDelegate : Bootstrapping Spring Data JPA repositories in DEFAULT mode.
2026-06-24T12:57:28.267+05:30  INFO 16164 --- [  restartedMain] .s.d.r.c.RepositoryConfigurationDelegate : Finished Spring Data repository scanning in 49 ms. Found 0 JPA repository interfaces.
2026-06-24T12:57:33.248+05:30  INFO 16164 --- [  restartedMain] o.s.b.w.embedded.tomcat.TomcatWebServer  : Tomcat initialized with port 8080 (http)
2026-06-24T12:57:33.308+05:30  INFO 16164 --- [  restartedMain] o.apache.catalina.core.StandardService   : Starting service [Tomcat]
2026-06-24T12:57:33.308+05:30  INFO 16164 --- [  restartedMain] o.apache.catalina.core.StandardEngine    : Starting Servlet engine: [Apache Tomcat/10.1.54]
2026-06-24T12:57:33.858+05:30  INFO 16164 --- [  restartedMain] o.a.c.c.C.[Tomcat].[localhost].[/]       : Initializing Spring embedded WebApplicationContext
2026-06-24T12:57:33.860+05:30  INFO 16164 --- [  restartedMain] w.s.c.ServletWebServerApplicationContext : Root WebApplicationContext: initialization completed in 12304 ms
2026-06-24T12:57:35.578+05:30  INFO 16164 --- [  restartedMain] com.zaxxer.hikari.HikariDataSource       : HikariPool-1 - Starting...
2026-06-24T12:57:36.303+05:30  INFO 16164 --- [  restartedMain] com.zaxxer.hikari.pool.HikariPool        : HikariPool-1 - Added connection conn0: url=jdbc:h2:mem:kogito user=KOGITO
2026-06-24T12:57:36.309+05:30  INFO 16164 --- [  restartedMain] com.zaxxer.hikari.HikariDataSource       : HikariPool-1 - Start completed.
2026-06-24T12:57:36.339+05:30  INFO 16164 --- [  restartedMain] o.k.f.i.db.KieFlywayDataBaseHelper       : Reading DataBase Product: 'H2' Version: '2.3.232 (2024-08-11)'
2026-06-24T12:57:37.232+05:30  INFO 16164 --- [  restartedMain] org.flywaydb.core.FlywayExecutor         : Database: jdbc:h2:mem:kogito (H2 2.3)
2026-06-24T12:57:37.412+05:30  INFO 16164 --- [  restartedMain] o.f.c.i.s.JdbcTableSchemaHistory         : Schema history table "PUBLIC"."kie_flyway_history_runtime_persistence" does not exist yet
2026-06-24T12:57:37.436+05:30  INFO 16164 --- [  restartedMain] o.f.core.internal.command.DbValidate     : Successfully validated 4 migrations (execution time 00:00.075s)
2026-06-24T12:57:37.502+05:30  INFO 16164 --- [  restartedMain] org.flywaydb.core.Flyway                 : All configured schemas are empty; baseline operation skipped. A baseline or migration script with a lower version than the baseline version may execute if available. Check the Schemas parameter if this is not intended.
2026-06-24T12:57:37.505+05:30  INFO 16164 --- [  restartedMain] o.f.c.i.s.JdbcTableSchemaHistory         : Creating Schema History table "PUBLIC"."kie_flyway_history_runtime_persistence" ...
2026-06-24T12:57:37.603+05:30  INFO 16164 --- [  restartedMain] o.f.core.internal.command.DbMigrate      : Current version of schema "PUBLIC": << Empty Schema >>
2026-06-24T12:57:37.624+05:30  INFO 16164 --- [  restartedMain] o.f.core.internal.command.DbMigrate      : Migrating schema "PUBLIC" to version "1.35.0 - create runtime ansi"
2026-06-24T12:57:37.672+05:30  INFO 16164 --- [  restartedMain] o.f.core.internal.command.DbMigrate      : Migrating schema "PUBLIC" to version "10.0.0 - add business key ansi"
2026-06-24T12:57:37.705+05:30  INFO 16164 --- [  restartedMain] o.f.core.internal.command.DbMigrate      : Migrating schema "PUBLIC" to version "10.0.1 - create correlation ansi"
2026-06-24T12:57:37.767+05:30  INFO 16164 --- [  restartedMain] o.f.core.internal.command.DbMigrate      : Migrating schema "PUBLIC" to version "10.0.2 - create event table"
2026-06-24T12:57:37.804+05:30  INFO 16164 --- [  restartedMain] o.f.core.internal.command.DbMigrate      : Successfully applied 4 migrations to schema "PUBLIC", now at version v10.0.2 (execution time 00:00.083s)
2026-06-24T12:57:37.879+05:30  INFO 16164 --- [  restartedMain] org.flywaydb.core.FlywayExecutor         : Database: jdbc:h2:mem:kogito (H2 2.3)
2026-06-24T12:57:37.926+05:30  INFO 16164 --- [  restartedMain] o.f.c.i.s.JdbcTableSchemaHistory         : Schema history table "PUBLIC"."kie_flyway_history_data_index" does not exist yet
2026-06-24T12:57:37.928+05:30  INFO 16164 --- [  restartedMain] o.f.core.internal.command.DbValidate     : Successfully validated 21 migrations (execution time 00:00.038s)
2026-06-24T12:57:37.945+05:30  INFO 16164 --- [  restartedMain] o.f.c.i.s.JdbcTableSchemaHistory         : Creating Schema History table "PUBLIC"."kie_flyway_history_data_index" with baseline ...
2026-06-24T12:57:37.985+05:30  INFO 16164 --- [  restartedMain] o.f.core.internal.command.DbBaseline     : Successfully baselined schema with version: 0.0
2026-06-24T12:57:37.989+05:30  INFO 16164 --- [  restartedMain] o.f.core.internal.command.DbMigrate      : Current version of schema "PUBLIC": 0.0
2026-06-24T12:57:38.017+05:30  INFO 16164 --- [  restartedMain] o.f.core.internal.command.DbMigrate      : Migrating schema "PUBLIC" to version "1.33.0 - data index create"
2026-06-24T12:57:38.122+05:30  INFO 16164 --- [  restartedMain] o.f.core.internal.command.DbMigrate      : Migrating schema "PUBLIC" to version "1.44.0 - data index definitions"
2026-06-24T12:57:38.164+05:30  INFO 16164 --- [  restartedMain] o.f.core.internal.command.DbMigrate      : Migrating schema "PUBLIC" to version "1.45.0.0 - data index node definitions"
2026-06-24T12:57:38.182+05:30  INFO 16164 --- [  restartedMain] o.f.core.internal.command.DbMigrate      : Migrating schema "PUBLIC" to version "1.45.0.1 - add identity to process instance"
2026-06-24T12:57:38.209+05:30  INFO 16164 --- [  restartedMain] o.f.core.internal.command.DbMigrate      : Migrating schema "PUBLIC" to version "1.45.0.2 - data index definitions add colums"
2026-06-24T12:57:38.234+05:30  INFO 16164 --- [  restartedMain] o.f.core.internal.command.DbMigrate      : Migrating schema "PUBLIC" to version "1.45.0.3 - add fk index"
2026-06-24T12:57:38.250+05:30  INFO 16164 --- [  restartedMain] o.f.core.internal.command.DbMigrate      : Migrating schema "PUBLIC" to version "1.45.0.4 - increase varchar length"
2026-06-24T12:57:38.262+05:30  INFO 16164 --- [  restartedMain] o.f.core.internal.command.DbMigrate      : Migrating schema "PUBLIC" to version "1.45.0.5 - add external reference id"
2026-06-24T12:57:38.292+05:30  INFO 16164 --- [  restartedMain] o.f.core.internal.command.DbMigrate      : Migrating schema "PUBLIC" to version "1.45.0.6 - add sla due date columns"
2026-06-24T12:57:38.326+05:30  INFO 16164 --- [  restartedMain] o.f.core.internal.command.DbMigrate      : Migrating schema "PUBLIC" to version "1.45.0.7 - add sla due date tasks"
2026-06-24T12:57:38.344+05:30  INFO 16164 --- [  restartedMain] o.f.core.internal.command.DbMigrate      : Migrating schema "PUBLIC" to version "1.45.0.8 - modify columns with reserved words"
2026-06-24T12:57:38.357+05:30  INFO 16164 --- [  restartedMain] o.f.core.internal.command.DbMigrate      : Migrating schema "PUBLIC" to version "1.45.0.9 - increase comments content size"
2026-06-24T12:57:38.366+05:30  INFO 16164 --- [  restartedMain] o.f.core.internal.command.DbMigrate      : Migrating schema "PUBLIC" to version "1.45.1.0 - metadata as column"
2026-06-24T12:57:38.379+05:30  INFO 16164 --- [  restartedMain] o.f.core.internal.command.DbMigrate      : Migrating schema "PUBLIC" to version "1.45.1.1 - retrigger"
2026-06-24T12:57:38.405+05:30  INFO 16164 --- [  restartedMain] o.f.core.internal.command.DbMigrate      : Migrating schema "PUBLIC" to version "1.45.1.2 - cloudevent"
2026-06-24T12:57:38.426+05:30  INFO 16164 --- [  restartedMain] o.f.core.internal.command.DbMigrate      : Migrating schema "PUBLIC" to version "1.45.1.3 - add cancelled type nodes"
2026-06-24T12:57:38.438+05:30  INFO 16164 --- [  restartedMain] o.f.core.internal.command.DbMigrate      : Migrating schema "PUBLIC" to version "1.45.1.4 - add indexes for jobs and tasks"
2026-06-24T12:57:38.446+05:30  INFO 16164 --- [  restartedMain] o.f.core.internal.command.DbMigrate      : Migrating schema "PUBLIC" to version "1.46.0 - add task id column"
2026-06-24T12:57:38.462+05:30  INFO 16164 --- [  restartedMain] o.f.core.internal.command.DbMigrate      : Migrating schema "PUBLIC" to version "1.47.0 - adjust column sizes in tables updated by hibernate"
2026-06-24T12:57:38.473+05:30  INFO 16164 --- [  restartedMain] o.f.core.internal.command.DbMigrate      : Migrating schema "PUBLIC" to version "1.48.0 - add input output args"
2026-06-24T12:57:38.486+05:30  INFO 16164 --- [  restartedMain] o.f.core.internal.command.DbMigrate      : Migrating schema "PUBLIC" to version "1.49.0 - add job exception details"
2026-06-24T12:57:38.495+05:30  INFO 16164 --- [  restartedMain] o.f.core.internal.command.DbMigrate      : Successfully applied 21 migrations to schema "PUBLIC", now at version v1.49.0 (execution time 00:00.298s)
2026-06-24T12:57:38.549+05:30  INFO 16164 --- [  restartedMain] org.flywaydb.core.FlywayExecutor         : Database: jdbc:h2:mem:kogito (H2 2.3)
2026-06-24T12:57:38.576+05:30  INFO 16164 --- [  restartedMain] o.f.c.i.s.JdbcTableSchemaHistory         : Schema history table "PUBLIC"."kie_flyway_history_data_audit" does not exist yet
2026-06-24T12:57:38.577+05:30  INFO 16164 --- [  restartedMain] o.f.core.internal.command.DbValidate     : Successfully validated 10 migrations (execution time 00:00.020s)
2026-06-24T12:57:38.581+05:30  INFO 16164 --- [  restartedMain] o.f.c.i.s.JdbcTableSchemaHistory         : Creating Schema History table "PUBLIC"."kie_flyway_history_data_audit" with baseline ...
2026-06-24T12:57:38.586+05:30  INFO 16164 --- [  restartedMain] o.f.core.internal.command.DbBaseline     : Successfully baselined schema with version: 0.0
2026-06-24T12:57:38.589+05:30  INFO 16164 --- [  restartedMain] o.f.core.internal.command.DbMigrate      : Current version of schema "PUBLIC": 0.0
2026-06-24T12:57:38.606+05:30  INFO 16164 --- [  restartedMain] o.f.core.internal.command.DbMigrate      : Migrating schema "PUBLIC" to version "1.0.0 - CREATE DATA AUDIT SCHEMA"
2026-06-24T12:57:38.645+05:30  INFO 16164 --- [  restartedMain] o.f.core.internal.command.DbMigrate      : Migrating schema "PUBLIC" to version "1.1.0 - Add Query audit dynamic registering"
2026-06-24T12:57:38.652+05:30  INFO 16164 --- [  restartedMain] o.f.core.internal.command.DbMigrate      : Migrating schema "PUBLIC" to version "1.2.0 - Add migration event type"
2026-06-24T12:57:38.663+05:30  INFO 16164 --- [  restartedMain] o.f.core.internal.command.DbMigrate      : Migrating schema "PUBLIC" to version "1.3.0 - Increase Task Instance Comment Log comment size"
2026-06-24T12:57:38.678+05:30  INFO 16164 --- [  restartedMain] o.f.core.internal.command.DbMigrate      : Migrating schema "PUBLIC" to version "1.4.0 - Increase variable value column size"
2026-06-24T12:57:38.690+05:30  INFO 16164 --- [  restartedMain] o.f.core.internal.command.DbMigrate      : Migrating schema "PUBLIC" to version "1.4.1 - Add state update event type check"
2026-06-24T12:57:38.704+05:30  INFO 16164 --- [  restartedMain] o.f.core.internal.command.DbMigrate      : Migrating schema "PUBLIC" to version "1.4.2 - Add user information to process instance logs"
2026-06-24T12:57:38.735+05:30  INFO 16164 --- [  restartedMain] o.f.core.internal.command.DbMigrate      : Migrating schema "PUBLIC" to version "1.4.3 - Add process instance state retriggered event type check"
2026-06-24T12:57:38.742+05:30  INFO 16164 --- [  restartedMain] o.f.core.internal.command.DbMigrate      : Migrating schema "PUBLIC" to version "1.4.4 - Add on cascade delete"
2026-06-24T12:57:38.754+05:30  INFO 16164 --- [  restartedMain] o.f.core.internal.command.DbMigrate      : Migrating schema "PUBLIC" to version "1.5.0 - Add job exception columns"
2026-06-24T12:57:38.768+05:30  INFO 16164 --- [  restartedMain] o.f.core.internal.command.DbMigrate      : Successfully applied 10 migrations to schema "PUBLIC", now at version v1.5.0 (execution time 00:00.093s)
2026-06-24T12:57:38.807+05:30  INFO 16164 --- [  restartedMain] org.flywaydb.core.FlywayExecutor         : Database: jdbc:h2:mem:kogito (H2 2.3)
2026-06-24T12:57:38.817+05:30  INFO 16164 --- [  restartedMain] o.f.c.i.s.JdbcTableSchemaHistory         : Schema history table "PUBLIC"."kie_flyway_history_jobs_service" does not exist yet
2026-06-24T12:57:38.817+05:30  INFO 16164 --- [  restartedMain] o.f.core.internal.command.DbValidate     : Successfully validated 2 migrations (execution time 00:00.004s)
2026-06-24T12:57:38.819+05:30  INFO 16164 --- [  restartedMain] o.f.c.i.s.JdbcTableSchemaHistory         : Creating Schema History table "PUBLIC"."kie_flyway_history_jobs_service" with baseline ...
2026-06-24T12:57:38.823+05:30  INFO 16164 --- [  restartedMain] o.f.core.internal.command.DbBaseline     : Successfully baselined schema with version: 0.0
2026-06-24T12:57:38.825+05:30  INFO 16164 --- [  restartedMain] o.f.core.internal.command.DbMigrate      : Current version of schema "PUBLIC": 0.0
2026-06-24T12:57:38.829+05:30  INFO 16164 --- [  restartedMain] o.f.core.internal.command.DbMigrate      : Migrating schema "PUBLIC" to version "2.0.0 - Create Tables"
2026-06-24T12:57:38.838+05:30  INFO 16164 --- [  restartedMain] o.f.core.internal.command.DbMigrate      : Migrating schema "PUBLIC" to version "3.0.4 - Add Exception Details"
2026-06-24T12:57:38.848+05:30  INFO 16164 --- [  restartedMain] o.f.core.internal.command.DbMigrate      : Successfully applied 2 migrations to schema "PUBLIC", now at version v3.0.4 (execution time 00:00.011s)
2026-06-24T12:57:38.883+05:30  INFO 16164 --- [  restartedMain] org.flywaydb.core.FlywayExecutor         : Database: jdbc:h2:mem:kogito (H2 2.3)
2026-06-24T12:57:38.899+05:30  INFO 16164 --- [  restartedMain] o.f.c.i.s.JdbcTableSchemaHistory         : Schema history table "PUBLIC"."kie_flyway_history_jbpm_user_task_storage" does not exist yet
2026-06-24T12:57:38.900+05:30  INFO 16164 --- [  restartedMain] o.f.core.internal.command.DbValidate     : Successfully validated 6 migrations (execution time 00:00.011s)
2026-06-24T12:57:38.902+05:30  INFO 16164 --- [  restartedMain] o.f.c.i.s.JdbcTableSchemaHistory         : Creating Schema History table "PUBLIC"."kie_flyway_history_jbpm_user_task_storage" with baseline ...
2026-06-24T12:57:38.907+05:30  INFO 16164 --- [  restartedMain] o.f.core.internal.command.DbBaseline     : Successfully baselined schema with version: 0.0
2026-06-24T12:57:38.909+05:30  INFO 16164 --- [  restartedMain] o.f.core.internal.command.DbMigrate      : Current version of schema "PUBLIC": 0.0
2026-06-24T12:57:38.919+05:30  INFO 16164 --- [  restartedMain] o.f.core.internal.command.DbMigrate      : Migrating schema "PUBLIC" to version "1.0.0 - jBPM user task create"
2026-06-24T12:57:38.962+05:30  INFO 16164 --- [  restartedMain] o.f.core.internal.command.DbMigrate      : Migrating schema "PUBLIC" to version "1.0.1 - jBPM user task timers"
2026-06-24T12:57:38.971+05:30  INFO 16164 --- [  restartedMain] o.f.core.internal.command.DbMigrate      : Migrating schema "PUBLIC" to version "1.0.2 - jBPM user tasks comments increase comment size"
2026-06-24T12:57:38.977+05:30  INFO 16164 --- [  restartedMain] o.f.core.internal.command.DbMigrate      : Migrating schema "PUBLIC" to version "1.0.3 - jBPM user tasks additional indexes"
2026-06-24T12:57:38.988+05:30  INFO 16164 --- [  restartedMain] o.f.core.internal.command.DbMigrate      : Migrating schema "PUBLIC" to version "1.0.4 - jBPM user tasks add missing indexes"
2026-06-24T12:57:38.998+05:30  INFO 16164 --- [  restartedMain] o.f.core.internal.command.DbMigrate      : Migrating schema "PUBLIC" to version "1.0.5 - jBPM usertasks add process info"
2026-06-24T12:57:39.145+05:30  INFO 16164 --- [  restartedMain] o.f.core.internal.command.DbMigrate      : Successfully applied 6 migrations to schema "PUBLIC", now at version v1.0.5 (execution time 00:00.187s)
2026-06-24T12:57:39.256+05:30  INFO 16164 --- [  restartedMain] org.flywaydb.core.FlywayExecutor         : Database: jdbc:h2:mem:kogito (H2 2.3)
2026-06-24T12:57:39.266+05:30  INFO 16164 --- [  restartedMain] o.f.c.i.s.JdbcTableSchemaHistory         : Schema history table "PUBLIC"."kie_flyway_history_pim" does not exist yet
2026-06-24T12:57:39.267+05:30  INFO 16164 --- [  restartedMain] o.f.core.internal.command.DbValidate     : Successfully validated 2 migrations (execution time 00:00.005s)
2026-06-24T12:57:39.269+05:30  INFO 16164 --- [  restartedMain] o.f.c.i.s.JdbcTableSchemaHistory         : Creating Schema History table "PUBLIC"."kie_flyway_history_pim" with baseline ...
2026-06-24T12:57:39.273+05:30  INFO 16164 --- [  restartedMain] o.f.core.internal.command.DbBaseline     : Successfully baselined schema with version: 0.0
2026-06-24T12:57:39.276+05:30  INFO 16164 --- [  restartedMain] o.f.core.internal.command.DbMigrate      : Current version of schema "PUBLIC": 0.0
2026-06-24T12:57:39.287+05:30  INFO 16164 --- [  restartedMain] o.f.core.internal.command.DbMigrate      : Migrating schema "PUBLIC" to version "1.0.0 - BAMOE pim"
2026-06-24T12:57:39.308+05:30  INFO 16164 --- [  restartedMain] o.f.core.internal.command.DbMigrate      : Migrating schema "PUBLIC" to version "1.0.1 - add missing indexes"
2026-06-24T12:57:39.311+05:30  INFO 16164 --- [  restartedMain] o.f.core.internal.command.DbMigrate      : Successfully applied 2 migrations to schema "PUBLIC", now at version v1.0.1 (execution time 00:00.019s)
2026-06-24T12:57:39.814+05:30  INFO 16164 --- [  restartedMain] o.hibernate.jpa.internal.util.LogHelper  : HHH000204: Processing PersistenceUnitInfo [name: default]
2026-06-24T12:57:40.019+05:30  INFO 16164 --- [  restartedMain] org.hibernate.Version                    : HHH000412: Hibernate ORM core version 7.1.14.Final
2026-06-24T12:57:41.414+05:30  INFO 16164 --- [  restartedMain] o.s.o.j.p.SpringPersistenceUnitInfo      : No LoadTimeWeaver setup: ignoring JPA class transformer
2026-06-24T12:57:41.661+05:30  INFO 16164 --- [  restartedMain] org.hibernate.orm.connections.pooling    : HHH10001005: Database info:
	Database JDBC URL [jdbc:h2:mem:kogito]
	Database driver: H2 JDBC Driver
	Database dialect: H2Dialect
	Database version: 2.3.232
	Default catalog/schema: KOGITO/PUBLIC
	Autocommit mode: undefined/unknown
	Isolation level: READ_COMMITTED [default READ_COMMITTED]
	JDBC fetch size: 100
	Pool: DatasourceConnectionProviderImpl
	Minimum pool size: undefined/unknown
	Maximum pool size: undefined/unknown
2026-06-24T12:57:42.382+05:30  WARN 16164 --- [  restartedMain] org.hibernate.orm.deprecation            : HHH90000033: Encountered use of deprecated annotation [interface jakarta.persistence.Temporal] at org.kie.kogito.app.audit.jpa.model.JobExecutionLog.eventDate.
2026-06-24T12:57:42.384+05:30  WARN 16164 --- [  restartedMain] org.hibernate.orm.deprecation            : HHH90000033: Encountered use of deprecated annotation [interface jakarta.persistence.Temporal] at org.kie.kogito.app.audit.jpa.model.JobExecutionLog.expirationTime.
2026-06-24T12:57:42.397+05:30  WARN 16164 --- [  restartedMain] org.hibernate.orm.deprecation            : HHH90000033: Encountered use of deprecated annotation [interface jakarta.persistence.Temporal] at org.kie.kogito.app.audit.jpa.model.ProcessInstanceErrorLog.eventDate.
2026-06-24T12:57:42.406+05:30  WARN 16164 --- [  restartedMain] org.hibernate.orm.deprecation            : HHH90000033: Encountered use of deprecated annotation [interface jakarta.persistence.Temporal] at org.kie.kogito.app.audit.jpa.model.ProcessInstanceNodeLog.eventDate.
2026-06-24T12:57:42.411+05:30  WARN 16164 --- [  restartedMain] org.hibernate.orm.deprecation            : HHH90000033: Encountered use of deprecated annotation [interface jakarta.persistence.Temporal] at org.kie.kogito.app.audit.jpa.model.ProcessInstanceNodeLog.slaDueDate.
2026-06-24T12:57:42.419+05:30  WARN 16164 --- [  restartedMain] org.hibernate.orm.deprecation            : HHH90000033: Encountered use of deprecated annotation [interface jakarta.persistence.Temporal] at org.kie.kogito.app.audit.jpa.model.ProcessInstanceStateLog.eventDate.
2026-06-24T12:57:42.422+05:30  WARN 16164 --- [  restartedMain] org.hibernate.orm.deprecation            : HHH90000033: Encountered use of deprecated annotation [interface jakarta.persistence.Temporal] at org.kie.kogito.app.audit.jpa.model.ProcessInstanceStateLog.slaDueDate.
2026-06-24T12:57:42.428+05:30  WARN 16164 --- [  restartedMain] org.hibernate.orm.deprecation            : HHH90000033: Encountered use of deprecated annotation [interface jakarta.persistence.Temporal] at org.kie.kogito.app.audit.jpa.model.ProcessInstanceVariableLog.eventDate.
2026-06-24T12:57:42.436+05:30  WARN 16164 --- [  restartedMain] org.hibernate.orm.deprecation            : HHH90000033: Encountered use of deprecated annotation [interface jakarta.persistence.Temporal] at org.kie.kogito.app.audit.jpa.model.UserTaskInstanceAssignmentLog.eventDate.
2026-06-24T12:57:42.444+05:30  WARN 16164 --- [  restartedMain] org.hibernate.orm.deprecation            : HHH90000033: Encountered use of deprecated annotation [interface jakarta.persistence.Temporal] at org.kie.kogito.app.audit.jpa.model.UserTaskInstanceAttachmentLog.eventDate.
2026-06-24T12:57:42.450+05:30  WARN 16164 --- [  restartedMain] org.hibernate.orm.deprecation            : HHH90000033: Encountered use of deprecated annotation [interface jakarta.persistence.Temporal] at org.kie.kogito.app.audit.jpa.model.UserTaskInstanceCommentLog.eventDate.
2026-06-24T12:57:42.456+05:30  WARN 16164 --- [  restartedMain] org.hibernate.orm.deprecation            : HHH90000033: Encountered use of deprecated annotation [interface jakarta.persistence.Temporal] at org.kie.kogito.app.audit.jpa.model.UserTaskInstanceDeadlineLog.eventDate.
2026-06-24T12:57:42.464+05:30  WARN 16164 --- [  restartedMain] org.hibernate.orm.deprecation            : HHH90000033: Encountered use of deprecated annotation [interface jakarta.persistence.Temporal] at org.kie.kogito.app.audit.jpa.model.UserTaskInstanceStateLog.eventDate.
2026-06-24T12:57:42.472+05:30  WARN 16164 --- [  restartedMain] org.hibernate.orm.deprecation            : HHH90000033: Encountered use of deprecated annotation [interface jakarta.persistence.Temporal] at org.kie.kogito.app.audit.jpa.model.UserTaskInstanceVariableLog.eventDate.
2026-06-24T12:57:42.480+05:30  WARN 16164 --- [  restartedMain] org.hibernate.orm.deprecation            : HHH90000033: Encountered use of deprecated annotation [interface jakarta.persistence.Temporal] at org.kie.kogito.app.jobs.jpa.model.JobDetailsEntity.created.
2026-06-24T12:57:42.481+05:30  WARN 16164 --- [  restartedMain] org.hibernate.orm.deprecation            : HHH90000033: Encountered use of deprecated annotation [interface jakarta.persistence.Temporal] at org.kie.kogito.app.jobs.jpa.model.JobDetailsEntity.fireTime.
2026-06-24T12:57:42.482+05:30  WARN 16164 --- [  restartedMain] org.hibernate.orm.deprecation            : HHH90000033: Encountered use of deprecated annotation [interface jakarta.persistence.Temporal] at org.kie.kogito.app.jobs.jpa.model.JobDetailsEntity.lastUpdate.
2026-06-24T12:57:42.487+05:30  WARN 16164 --- [  restartedMain] org.hibernate.orm.deprecation            : HHH90000033: Encountered use of deprecated annotation [interface jakarta.persistence.Temporal] at org.jbpm.usertask.jpa.model.AttachmentEntity.updatedAt.
2026-06-24T12:57:42.492+05:30  WARN 16164 --- [  restartedMain] org.hibernate.orm.deprecation            : HHH90000033: Encountered use of deprecated annotation [interface jakarta.persistence.Temporal] at org.jbpm.usertask.jpa.model.CommentEntity.updatedAt.
2026-06-24T12:57:47.429+05:30  INFO 16164 --- [  restartedMain] o.h.e.t.j.p.i.JtaPlatformInitiator       : HHH000489: No JTA platform available (set 'hibernate.transaction.jta.platform' to enable JTA platform integration)
2026-06-24T12:57:48.305+05:30  INFO 16164 --- [  restartedMain] j.LocalContainerEntityManagerFactoryBean : Initialized JPA EntityManagerFactory for persistence unit 'default'
2026-06-24T12:57:49.787+05:30  INFO 16164 --- [  restartedMain] o.k.k.app.jobs.impl.VertxJobScheduler    : Initializing Job Service Logic 
	MaxRefreshJobsIntervalWindow: 600000 (millis)
	MaxIntervalLimitToRetryMillis: 100 (millis)
	MaxNumberOfRetries: 3
	RefreshJobsInterval: 600000 (millis)
	Number of worker threads 10
	Store: org.kie.kogito.app.jobs.springboot.jpa.SpringbootJPAJobStore@623aebfb
2026-06-24T12:57:49.969+05:30  INFO 16164 --- [  restartedMain] o.k.k.u.i.l.DefaultUserTaskLifeCycles    : Registered UserTaskLifeCycles {ws-human-task=org.kie.kogito.usertask.impl.lifecycle.WsHumanTaskLifeCycle@644eb8d9, kogito=org.kie.kogito.usertask.impl.lifecycle.DefaultUserTaskLifeCycle@46871e1} with default lifecycle: kogito
2026-06-24T12:57:52.248+05:30  WARN 16164 --- [  restartedMain] o.k.k.s.r.ProcessDefinitionEventRegistry : Not source found for process id approval
2026-06-24T12:57:55.829+05:30  INFO 16164 --- [  restartedMain] o.k.k.i.g.AbstractGraphQLSchemaManager   : Custom mutations are {}
2026-06-24T12:57:56.643+05:30  WARN 16164 --- [  restartedMain] JpaBaseConfiguration$JpaWebConfiguration : spring.jpa.open-in-view is enabled by default. Therefore, database queries may be performed during view rendering. Explicitly configure spring.jpa.open-in-view to disable this warning
2026-06-24T12:57:57.603+05:30  INFO 16164 --- [  restartedMain] s.b.a.g.s.GraphQlWebMvcAutoConfiguration : GraphQL endpoint HTTP POST /graphql
2026-06-24T12:58:01.076+05:30  INFO 16164 --- [  restartedMain] o.s.b.a.h2.H2ConsoleAutoConfiguration    : H2 console available at '/h2-console'. Database available at 'jdbc:h2:mem:kogito'
2026-06-24T12:58:01.347+05:30  INFO 16164 --- [  restartedMain] o.s.b.d.a.OptionalLiveReloadServer       : LiveReload server is running on port 35729
2026-06-24T12:58:01.445+05:30  INFO 16164 --- [  restartedMain] o.s.b.a.e.web.EndpointLinksResolver      : Exposing 1 endpoint beneath base path '/actuator'
2026-06-24T12:58:01.688+05:30  INFO 16164 --- [  restartedMain] o.s.b.w.embedded.tomcat.TomcatWebServer  : Tomcat started on port 8080 (http) with context path '/'
2026-06-24T12:58:01.726+05:30  INFO 16164 --- [  restartedMain] org.acme.BamoeSpringBootApplication      : Started BamoeSpringBootApplication in 41.324 seconds (process running for 43.547)
2026-06-24T12:58:38.913+05:30  INFO 16164 --- [0.1-8080-exec-1] o.a.c.c.C.[Tomcat].[localhost].[/]       : Initializing Spring DispatcherServlet 'dispatcherServlet'
2026-06-24T12:58:38.913+05:30  INFO 16164 --- [0.1-8080-exec-1] o.s.web.servlet.DispatcherServlet        : Initializing Servlet 'dispatcherServlet'
2026-06-24T12:58:38.917+05:30  INFO 16164 --- [0.1-8080-exec-1] o.s.web.servlet.DispatcherServlet        : Completed initialization in 3 ms
2026-06-24T12:58:39.953+05:30  WARN 16164 --- [0.1-8080-exec-4] .m.m.a.ExceptionHandlerExceptionResolver : Resolved [org.acme.wrapper.exception.WorkflowNotFoundException: Invalid workflow 'nope': workflow not present]
