[INFO] Scanning for projects...
[INFO] 
[INFO] ----------------< org.acme:your-bamoe-business-service >----------------
[INFO] Building your-bamoe-business-service 1.0.0-SNAPSHOT
[INFO]   from pom.xml
[INFO] --------------------------------[ jar ]---------------------------------
[INFO] 
[INFO] >>> spring-boot:3.5.14:run (default-cli) > test-compile @ your-bamoe-business-service >>>
[INFO] 
[INFO] --- resources:3.3.1:resources (default-resources) @ your-bamoe-business-service ---
[INFO] Copying 3 resources from src\main\resources to target\classes
[INFO] The encoding used to copy filtered properties files have not been set. This means that the same encoding will be used to copy filtered properties files as when copying other filtered resources. This might not be what you want! Run your build with --debug to see which files might be affected. Read more at https://maven.apache.org/plugins/maven-resources-plugin/examples/filtering-properties-files.html
[INFO] 
[INFO] --- compiler:3.11.0:compile (default-compile) @ your-bamoe-business-service ---
[INFO] Nothing to compile - all classes are up to date
[INFO] 
[INFO] --- kogito:9.4.2-ibm-0002:generateModel (default) @ your-bamoe-business-service ---
[INFO] ========================================
[INFO]   Kogito Code Generation Configuration
[INFO] ========================================
[INFO]   Java Version        : 17
[INFO]   Source Encoding     : UTF-8
[INFO]   Base Directory      : D:\SAMADHAN_AI\Bamoe\Bamoe
[INFO]   Output Directory    : D:\SAMADHAN_AI\Bamoe\Bamoe\target\classes
[INFO]   JSON Schema Version : nd
[INFO]   Persistence Enabled : false
[INFO]   Keep Sources        : false
[INFO]   Framework           : SPRING
[INFO] ========================================
[INFO] Building project: org.acme:your-bamoe-business-service:1.0.0-SNAPSHOT
[INFO] Reflections took 2994 ms to scan 362 urls, producing 16206 keys and 84967 values
[INFO] Performed addonsConfig discovery, found: AddonsConfig{usePersistence=true, useTracing=false, useMonitoring=false, usePrometheusMonitoring=false, useCloudEvents=false, useExplainability=false, useProcessSVG=true, useEventDrivenDecisions=false, useEventDrivenRules=false, useProcessSources=true}
2026-07-02T07:41:40.067477800Z main ERROR Log4j API could not find a logging provider.
[INFO] Generator discovery performed, found [processes, rules, decisions, predictions, messaging, usertasks]
[INFO] Skipping generator 'decisions' because disabled
[INFO] Skipping generator 'predictions' because disabled
[INFO] Skipping generator 'messaging' because disabled
[INFO] No rule unit is present: generate KieRuntimeBuilder implementation.
[INFO] Writing file: org\kie\kogito\app\Application.java
[INFO] Writing file: org\drools\bpmn2\ApprovalModelInput.java
[INFO] Writing file: org\drools\project\model\ProjectRuntime.java
[INFO] Writing file: org\drools\bpmn2\Approval_makerTask_TaskModel.java
[INFO] Writing file: org\kie\kogito\app\UnitOfWorkExecutorInitializer.java
[INFO] Writing file: org\kie\kogito\app\SourceFilesProviderProducer.java
[INFO] Writing file: org\kie\kogito\app\UserTaskLifeCycles.java
[INFO] Writing file: org\kie\kogito\app\UserTasksResource.java
[INFO] Writing file: org\kie\kogito\app\ExceptionHandlerTransaction.java
[INFO] Writing file: org\drools\bpmn2\Approval_checkerTask_TaskOutput.java
[INFO] Writing file: org\kie\kogito\app\RuleConfig.java
[INFO] Writing file: org\drools\bpmn2\ApprovalModel.java
[INFO] Writing file: org\kie\kogito\app\UserTaskServiceProducer.java
[INFO] Writing file: org\drools\bpmn2\Approval_MakerTask.java
[INFO] Writing file: org\drools\bpmn2\Approval_makerTask_TaskInput.java
[INFO] Writing file: org\drools\bpmn2\ApprovalProcess.java
[INFO] Writing file: org\drools\bpmn2\Approval_checkerTask_TaskInput.java
[INFO] Writing file: org\drools\bpmn2\Approval_makerTask_TaskOutput.java
[INFO] Writing file: org\drools\bpmn2\Approval_TaskModelFactory.java
[INFO] Writing file: org\kie\kogito\app\RuleUnits.java
[INFO] Writing file: org\kie\kogito\app\GlobalObjectMapper.java
[INFO] Writing file: org\kie\kogito\app\Processes.java
[INFO] Writing file: org\drools\project\model\ProjectModel.java
[INFO] Writing file: org\drools\bpmn2\ApprovalResource.java
[INFO] Writing file: org\kie\kogito\app\ApplicationConfig.java
[INFO] Writing file: org\kie\kogito\app\UserTaskConfig.java
[INFO] Writing file: org\kie\kogito\app\ProcessCloudEventMetaFactory.java
[INFO] Writing file: org\drools\bpmn2\ApprovalProcessInstance.java
[INFO] Writing file: org\drools\bpmn2\Approval_CheckerTask.java
[INFO] Writing file: org\drools\bpmn2\Approval_checkerTask_TaskModel.java
[INFO] Writing file: org\kie\kogito\app\ProcessConfig.java
[INFO] Writing file: org\kie\kogito\app\UserTasks.java
[INFO] Writing file: org\kie\kogito\app\ProcessServiceProducer.java
[INFO] Writing file: org\kie\kogito\app\ConfigBean.java
[INFO] Writing file: org\drools\bpmn2\ApprovalModelOutput.java
[INFO] Writing file: org\drools\bpmn2\ApprovalResource.class
[INFO] Writing file: org\drools\bpmn2\ApprovalModelOutput.class
[INFO] Writing file: org\kie\kogito\app\UnitOfWorkExecutorInitializer.class
[INFO] Writing file: org\kie\kogito\app\Processes.class
[INFO] Writing file: org\drools\bpmn2\Approval_makerTask_TaskOutput.class
[INFO] Writing file: org\drools\bpmn2\Approval_checkerTask_TaskOutput.class
[INFO] Writing file: org\drools\bpmn2\Approval_checkerTask_TaskModel.class
[INFO] Writing file: org\kie\kogito\app\UserTasksResource.class
[INFO] Writing file: org\drools\project\model\ProjectRuntime.class
[INFO] Writing file: org\kie\kogito\app\RuleConfig.class
[INFO] Writing file: org\kie\kogito\app\Application.class
[INFO] Writing file: org\kie\kogito\app\SourceFilesProviderProducer.class
[INFO] Writing file: org\kie\kogito\app\GlobalObjectMapper$1.class
[INFO] Writing file: org\drools\bpmn2\Approval_TaskModelFactory.class
[INFO] Writing file: org\kie\kogito\app\RuleUnits.class
[INFO] Writing file: org\kie\kogito\app\ProcessConfig.class
[INFO] Writing file: org\drools\bpmn2\Approval_CheckerTask.class
[INFO] Writing file: org\kie\kogito\app\UserTaskServiceProducer.class
[INFO] Writing file: org\drools\bpmn2\ApprovalModelInput.class
[INFO] Writing file: org\drools\bpmn2\Approval_MakerTask.class
[INFO] Writing file: org\drools\bpmn2\ApprovalModel.class
[INFO] Writing file: org\kie\kogito\app\ApplicationConfig.class
[INFO] Writing file: org\kie\kogito\app\GlobalObjectMapper.class
[INFO] Writing file: org\kie\kogito\app\ProcessServiceProducer.class
[INFO] Writing file: org\kie\kogito\app\ExceptionHandlerTransaction.class
[INFO] Writing file: org\kie\kogito\app\ConfigBean.class
[INFO] Writing file: org\kie\kogito\app\UserTaskConfig.class
[INFO] Writing file: org\drools\project\model\ProjectModel.class
[INFO] Writing file: org\drools\bpmn2\Approval_makerTask_TaskInput.class
[INFO] Writing file: org\drools\bpmn2\Approval_checkerTask_TaskInput.class
[INFO] Writing file: org\drools\bpmn2\ApprovalProcess.class
[INFO] Writing file: org\drools\bpmn2\Approval_makerTask_TaskModel.class
[INFO] Writing file: org\kie\kogito\app\UserTasks.class
[INFO] Writing file: org\kie\kogito\app\UserTaskLifeCycles.class
[INFO] Writing file: org\drools\bpmn2\ApprovalProcessInstance.class
[INFO] Writing file: org\kie\kogito\app\ProcessCloudEventMetaFactory.class
[INFO] Reflections took 1698 ms to scan 362 urls, producing 16206 keys and 84967 values
[INFO] Writing file: META-INF\jsonSchema\approval_Checker.json
[INFO] Writing file: META-INF\kogito-types.proto
[INFO] Writing file: META-INF\resources\persistence\protobuf\approval.proto
[INFO] Writing file: META-INF\resources\persistence\protobuf\list.json
[INFO] Writing file: META-INF\application-types.proto
[INFO] Writing file: META-INF\jsonSchema\approval_Maker.json
[INFO] Writing file: META-INF\jsonSchema\approval.json
[INFO] Project build done
[INFO] 
[INFO] --- resources:3.3.1:testResources (default-testResources) @ your-bamoe-business-service ---
[INFO] skip non existing resourceDirectory D:\SAMADHAN_AI\Bamoe\Bamoe\src\test\resources
[INFO] 
[INFO] --- compiler:3.11.0:testCompile (default-testCompile) @ your-bamoe-business-service ---
[INFO] Changes detected - recompiling the module! :dependency
[INFO] Compiling 1 source file with javac [debug release 17] to target\test-classes
[INFO] 
[INFO] <<< spring-boot:3.5.14:run (default-cli) < test-compile @ your-bamoe-business-service <<<
[INFO] 
[INFO] 
[INFO] --- spring-boot:3.5.14:run (default-cli) @ your-bamoe-business-service ---
[INFO] Attaching agents: []
SLF4J: A SLF4J service provider failed to instantiate:
org.slf4j.spi.SLF4JServiceProvider: Provider org.slf4j.impl.JBossSlf4jServiceProvider could not be instantiated

  .   ____          _            __ _ _
 /\\ / ___'_ __ _ _(_)_ __  __ _ \ \ \ \
( ( )\___ | '_ | '_| | '_ \/ _` | \ \ \ \
 \\/  ___)| |_)| | | | | || (_| |  ) ) ) )
  '  |____| .__|_| |_|_| |_\__, | / / / /
 =========|_|==============|___/=/_/_/_/

 :: Spring Boot ::               (v3.5.14)

2026-07-02T13:11:54.605+05:30  INFO 38004 --- [  restartedMain] org.acme.BamoeSpringBootApplication      : Starting BamoeSpringBootApplication using Java 21.0.7 with PID 38004 (D:\SAMADHAN_AI\Bamoe\Bamoe\target\classes started by kapil in D:\SAMADHAN_AI\Bamoe\Bamoe)
2026-07-02T13:11:54.607+05:30  INFO 38004 --- [  restartedMain] org.acme.BamoeSpringBootApplication      : The following 1 profile is active: "dev"
2026-07-02T13:11:54.670+05:30  INFO 38004 --- [  restartedMain] o.s.b.devtools.restart.ChangeableUrls    : The Class-Path manifest attribute in C:\Users\kapil\.m2\repository\org\apache\opennlp\opennlp-tools\2.5.4\opennlp-tools-2.5.4.jar referenced one or more files that do not exist: file:/C:/Users/kapil/.m2/repository/org/apache/opennlp/opennlp-tools/2.5.4/slf4j-api-2.0.17.jar
2026-07-02T13:11:54.671+05:30  INFO 38004 --- [  restartedMain] .e.DevToolsPropertyDefaultsPostProcessor : Devtools property defaults active! Set 'spring.devtools.add-properties' to 'false' to disable
2026-07-02T13:11:54.671+05:30  INFO 38004 --- [  restartedMain] .e.DevToolsPropertyDefaultsPostProcessor : For additional web related logging consider setting the 'logging.level.web' property to 'DEBUG'
2026-07-02T13:11:58.287+05:30  INFO 38004 --- [  restartedMain] .s.d.r.c.RepositoryConfigurationDelegate : Bootstrapping Spring Data JPA repositories in DEFAULT mode.
2026-07-02T13:11:58.328+05:30  INFO 38004 --- [  restartedMain] .s.d.r.c.RepositoryConfigurationDelegate : Finished Spring Data repository scanning in 29 ms. Found 0 JPA repository interfaces.
2026-07-02T13:12:00.004+05:30  INFO 38004 --- [  restartedMain] o.s.b.w.embedded.tomcat.TomcatWebServer  : Tomcat initialized with port 8080 (http)
2026-07-02T13:12:00.028+05:30  INFO 38004 --- [  restartedMain] o.apache.catalina.core.StandardService   : Starting service [Tomcat]
2026-07-02T13:12:00.028+05:30  INFO 38004 --- [  restartedMain] o.apache.catalina.core.StandardEngine    : Starting Servlet engine: [Apache Tomcat/10.1.54]
2026-07-02T13:12:00.195+05:30  INFO 38004 --- [  restartedMain] o.a.c.c.C.[Tomcat].[localhost].[/]       : Initializing Spring embedded WebApplicationContext
2026-07-02T13:12:00.196+05:30  INFO 38004 --- [  restartedMain] w.s.c.ServletWebServerApplicationContext : Root WebApplicationContext: initialization completed in 5523 ms
2026-07-02T13:12:00.878+05:30  INFO 38004 --- [  restartedMain] com.zaxxer.hikari.HikariDataSource       : HikariPool-1 - Starting...
2026-07-02T13:12:06.347+05:30  INFO 38004 --- [  restartedMain] com.zaxxer.hikari.pool.HikariPool        : HikariPool-1 - Added connection conn1: url=jdbc:h2:file:./target/h2db/kogito user=KOGITO
2026-07-02T13:12:06.349+05:30  INFO 38004 --- [  restartedMain] com.zaxxer.hikari.HikariDataSource       : HikariPool-1 - Start completed.
2026-07-02T13:12:06.358+05:30  INFO 38004 --- [  restartedMain] o.k.f.i.db.KieFlywayDataBaseHelper       : Reading DataBase Product: 'H2' Version: '2.3.232 (2024-08-11)'
2026-07-02T13:12:06.594+05:30  INFO 38004 --- [  restartedMain] org.flywaydb.core.FlywayExecutor         : Database: jdbc:h2:file:./target/h2db/kogito (H2 2.3)
2026-07-02T13:12:06.660+05:30  INFO 38004 --- [  restartedMain] o.f.core.internal.command.DbValidate     : Successfully validated 4 migrations (execution time 00:00.033s)
2026-07-02T13:12:06.668+05:30  INFO 38004 --- [  restartedMain] o.f.core.internal.command.DbMigrate      : Current version of schema "PUBLIC": 10.0.2
2026-07-02T13:12:06.672+05:30  INFO 38004 --- [  restartedMain] o.f.core.internal.command.DbMigrate      : Schema "PUBLIC" is up to date. No migration necessary.
2026-07-02T13:12:06.705+05:30  INFO 38004 --- [  restartedMain] org.flywaydb.core.FlywayExecutor         : Database: jdbc:h2:file:./target/h2db/kogito (H2 2.3)
2026-07-02T13:12:06.736+05:30  INFO 38004 --- [  restartedMain] o.f.core.internal.command.DbValidate     : Successfully validated 22 migrations (execution time 00:00.022s)
2026-07-02T13:12:06.740+05:30  INFO 38004 --- [  restartedMain] o.f.core.internal.command.DbMigrate      : Current version of schema "PUBLIC": 1.49.0
2026-07-02T13:12:06.741+05:30  INFO 38004 --- [  restartedMain] o.f.core.internal.command.DbMigrate      : Schema "PUBLIC" is up to date. No migration necessary.
2026-07-02T13:12:06.768+05:30  INFO 38004 --- [  restartedMain] org.flywaydb.core.FlywayExecutor         : Database: jdbc:h2:file:./target/h2db/kogito (H2 2.3)
2026-07-02T13:12:06.782+05:30  INFO 38004 --- [  restartedMain] o.f.core.internal.command.DbValidate     : Successfully validated 11 migrations (execution time 00:00.009s)
2026-07-02T13:12:06.784+05:30  INFO 38004 --- [  restartedMain] o.f.core.internal.command.DbMigrate      : Current version of schema "PUBLIC": 1.5.0
2026-07-02T13:12:06.785+05:30  INFO 38004 --- [  restartedMain] o.f.core.internal.command.DbMigrate      : Schema "PUBLIC" is up to date. No migration necessary.
2026-07-02T13:12:06.813+05:30  INFO 38004 --- [  restartedMain] org.flywaydb.core.FlywayExecutor         : Database: jdbc:h2:file:./target/h2db/kogito (H2 2.3)
2026-07-02T13:12:06.820+05:30  INFO 38004 --- [  restartedMain] o.f.core.internal.command.DbValidate     : Successfully validated 3 migrations (execution time 00:00.003s)
2026-07-02T13:12:06.821+05:30  INFO 38004 --- [  restartedMain] o.f.core.internal.command.DbMigrate      : Current version of schema "PUBLIC": 3.0.4
2026-07-02T13:12:06.822+05:30  INFO 38004 --- [  restartedMain] o.f.core.internal.command.DbMigrate      : Schema "PUBLIC" is up to date. No migration necessary.
2026-07-02T13:12:06.845+05:30  INFO 38004 --- [  restartedMain] org.flywaydb.core.FlywayExecutor         : Database: jdbc:h2:file:./target/h2db/kogito (H2 2.3)
2026-07-02T13:12:06.867+05:30  INFO 38004 --- [  restartedMain] o.f.core.internal.command.DbValidate     : Successfully validated 7 migrations (execution time 00:00.018s)
2026-07-02T13:12:06.869+05:30  INFO 38004 --- [  restartedMain] o.f.core.internal.command.DbMigrate      : Current version of schema "PUBLIC": 1.0.5
2026-07-02T13:12:06.870+05:30  INFO 38004 --- [  restartedMain] o.f.core.internal.command.DbMigrate      : Schema "PUBLIC" is up to date. No migration necessary.
2026-07-02T13:12:06.892+05:30  INFO 38004 --- [  restartedMain] org.flywaydb.core.FlywayExecutor         : Database: jdbc:h2:file:./target/h2db/kogito (H2 2.3)
2026-07-02T13:12:06.899+05:30  INFO 38004 --- [  restartedMain] o.f.core.internal.command.DbValidate     : Successfully validated 3 migrations (execution time 00:00.002s)
2026-07-02T13:12:06.900+05:30  INFO 38004 --- [  restartedMain] o.f.core.internal.command.DbMigrate      : Current version of schema "PUBLIC": 1.0.1
2026-07-02T13:12:06.901+05:30  INFO 38004 --- [  restartedMain] o.f.core.internal.command.DbMigrate      : Schema "PUBLIC" is up to date. No migration necessary.
2026-07-02T13:12:07.087+05:30  INFO 38004 --- [  restartedMain] o.hibernate.jpa.internal.util.LogHelper  : HHH000204: Processing PersistenceUnitInfo [name: default]
2026-07-02T13:12:07.165+05:30  INFO 38004 --- [  restartedMain] org.hibernate.Version                    : HHH000412: Hibernate ORM core version 7.1.14.Final
2026-07-02T13:12:07.835+05:30  INFO 38004 --- [  restartedMain] o.s.o.j.p.SpringPersistenceUnitInfo      : No LoadTimeWeaver setup: ignoring JPA class transformer
2026-07-02T13:12:07.939+05:30  INFO 38004 --- [  restartedMain] org.hibernate.orm.connections.pooling    : HHH10001005: Database info:
	Database JDBC URL [jdbc:h2:file:./target/h2db/kogito]
	Database driver: H2 JDBC Driver
	Database dialect: H2Dialect
	Database version: 2.3.232
	Default catalog/schema: KOGITO/PUBLIC
	Autocommit mode: undefined/unknown
	Isolation level: READ_COMMITTED [default READ_COMMITTED]
	JDBC fetch size: 100
	Pool: DatasourceConnectionProviderImpl
	Minimum pool size: undefined/unknown
	Maximum pool size: undefined/unknown
2026-07-02T13:12:08.310+05:30  WARN 38004 --- [  restartedMain] org.hibernate.orm.deprecation            : HHH90000033: Encountered use of deprecated annotation [interface jakarta.persistence.Temporal] at org.kie.kogito.app.audit.jpa.model.JobExecutionLog.eventDate.
2026-07-02T13:12:08.311+05:30  WARN 38004 --- [  restartedMain] org.hibernate.orm.deprecation            : HHH90000033: Encountered use of deprecated annotation [interface jakarta.persistence.Temporal] at org.kie.kogito.app.audit.jpa.model.JobExecutionLog.expirationTime.
2026-07-02T13:12:08.319+05:30  WARN 38004 --- [  restartedMain] org.hibernate.orm.deprecation            : HHH90000033: Encountered use of deprecated annotation [interface jakarta.persistence.Temporal] at org.kie.kogito.app.audit.jpa.model.ProcessInstanceErrorLog.eventDate.
2026-07-02T13:12:08.324+05:30  WARN 38004 --- [  restartedMain] org.hibernate.orm.deprecation            : HHH90000033: Encountered use of deprecated annotation [interface jakarta.persistence.Temporal] at org.kie.kogito.app.audit.jpa.model.ProcessInstanceNodeLog.eventDate.
2026-07-02T13:12:08.326+05:30  WARN 38004 --- [  restartedMain] org.hibernate.orm.deprecation            : HHH90000033: Encountered use of deprecated annotation [interface jakarta.persistence.Temporal] at org.kie.kogito.app.audit.jpa.model.ProcessInstanceNodeLog.slaDueDate.
2026-07-02T13:12:08.330+05:30  WARN 38004 --- [  restartedMain] org.hibernate.orm.deprecation            : HHH90000033: Encountered use of deprecated annotation [interface jakarta.persistence.Temporal] at org.kie.kogito.app.audit.jpa.model.ProcessInstanceStateLog.eventDate.
2026-07-02T13:12:08.332+05:30  WARN 38004 --- [  restartedMain] org.hibernate.orm.deprecation            : HHH90000033: Encountered use of deprecated annotation [interface jakarta.persistence.Temporal] at org.kie.kogito.app.audit.jpa.model.ProcessInstanceStateLog.slaDueDate.
2026-07-02T13:12:08.336+05:30  WARN 38004 --- [  restartedMain] org.hibernate.orm.deprecation            : HHH90000033: Encountered use of deprecated annotation [interface jakarta.persistence.Temporal] at org.kie.kogito.app.audit.jpa.model.ProcessInstanceVariableLog.eventDate.
2026-07-02T13:12:08.342+05:30  WARN 38004 --- [  restartedMain] org.hibernate.orm.deprecation            : HHH90000033: Encountered use of deprecated annotation [interface jakarta.persistence.Temporal] at org.kie.kogito.app.audit.jpa.model.UserTaskInstanceAssignmentLog.eventDate.
2026-07-02T13:12:08.348+05:30  WARN 38004 --- [  restartedMain] org.hibernate.orm.deprecation            : HHH90000033: Encountered use of deprecated annotation [interface jakarta.persistence.Temporal] at org.kie.kogito.app.audit.jpa.model.UserTaskInstanceAttachmentLog.eventDate.
2026-07-02T13:12:08.352+05:30  WARN 38004 --- [  restartedMain] org.hibernate.orm.deprecation            : HHH90000033: Encountered use of deprecated annotation [interface jakarta.persistence.Temporal] at org.kie.kogito.app.audit.jpa.model.UserTaskInstanceCommentLog.eventDate.
2026-07-02T13:12:08.355+05:30  WARN 38004 --- [  restartedMain] org.hibernate.orm.deprecation            : HHH90000033: Encountered use of deprecated annotation [interface jakarta.persistence.Temporal] at org.kie.kogito.app.audit.jpa.model.UserTaskInstanceDeadlineLog.eventDate.
2026-07-02T13:12:08.360+05:30  WARN 38004 --- [  restartedMain] org.hibernate.orm.deprecation            : HHH90000033: Encountered use of deprecated annotation [interface jakarta.persistence.Temporal] at org.kie.kogito.app.audit.jpa.model.UserTaskInstanceStateLog.eventDate.
2026-07-02T13:12:08.364+05:30  WARN 38004 --- [  restartedMain] org.hibernate.orm.deprecation            : HHH90000033: Encountered use of deprecated annotation [interface jakarta.persistence.Temporal] at org.kie.kogito.app.audit.jpa.model.UserTaskInstanceVariableLog.eventDate.
2026-07-02T13:12:08.370+05:30  WARN 38004 --- [  restartedMain] org.hibernate.orm.deprecation            : HHH90000033: Encountered use of deprecated annotation [interface jakarta.persistence.Temporal] at org.kie.kogito.app.jobs.jpa.model.JobDetailsEntity.created.
2026-07-02T13:12:08.371+05:30  WARN 38004 --- [  restartedMain] org.hibernate.orm.deprecation            : HHH90000033: Encountered use of deprecated annotation [interface jakarta.persistence.Temporal] at org.kie.kogito.app.jobs.jpa.model.JobDetailsEntity.fireTime.
2026-07-02T13:12:08.372+05:30  WARN 38004 --- [  restartedMain] org.hibernate.orm.deprecation            : HHH90000033: Encountered use of deprecated annotation [interface jakarta.persistence.Temporal] at org.kie.kogito.app.jobs.jpa.model.JobDetailsEntity.lastUpdate.
2026-07-02T13:12:08.376+05:30  WARN 38004 --- [  restartedMain] org.hibernate.orm.deprecation            : HHH90000033: Encountered use of deprecated annotation [interface jakarta.persistence.Temporal] at org.jbpm.usertask.jpa.model.AttachmentEntity.updatedAt.
2026-07-02T13:12:08.379+05:30  WARN 38004 --- [  restartedMain] org.hibernate.orm.deprecation            : HHH90000033: Encountered use of deprecated annotation [interface jakarta.persistence.Temporal] at org.jbpm.usertask.jpa.model.CommentEntity.updatedAt.
2026-07-02T13:12:10.801+05:30  INFO 38004 --- [  restartedMain] o.h.e.t.j.p.i.JtaPlatformInitiator       : HHH000489: No JTA platform available (set 'hibernate.transaction.jta.platform' to enable JTA platform integration)
2026-07-02T13:12:11.384+05:30  INFO 38004 --- [  restartedMain] j.LocalContainerEntityManagerFactoryBean : Initialized JPA EntityManagerFactory for persistence unit 'default'
2026-07-02T13:12:12.130+05:30  INFO 38004 --- [  restartedMain] o.k.k.app.jobs.impl.VertxJobScheduler    : Initializing Job Service Logic 
	MaxRefreshJobsIntervalWindow: 600000 (millis)
	MaxIntervalLimitToRetryMillis: 100 (millis)
	MaxNumberOfRetries: 3
	RefreshJobsInterval: 600000 (millis)
	Number of worker threads 10
	Store: org.kie.kogito.app.jobs.springboot.jpa.SpringbootJPAJobStore@2a8b54f0
2026-07-02T13:12:12.273+05:30  INFO 38004 --- [  restartedMain] o.k.k.u.i.l.DefaultUserTaskLifeCycles    : Registered UserTaskLifeCycles {ws-human-task=org.kie.kogito.usertask.impl.lifecycle.WsHumanTaskLifeCycle@b1bcbaf, kogito=org.kie.kogito.usertask.impl.lifecycle.DefaultUserTaskLifeCycle@4c1139d9} with default lifecycle: kogito
2026-07-02T13:12:12.993+05:30  WARN 38004 --- [  restartedMain] o.k.k.s.r.ProcessDefinitionEventRegistry : Not source found for process id approval
2026-07-02T13:12:14.792+05:30  INFO 38004 --- [  restartedMain] o.a.wrapper.graph.ProcessGraphService    : Loaded process graphs for: [approval]
2026-07-02T13:12:15.536+05:30  INFO 38004 --- [  restartedMain] o.k.k.i.g.AbstractGraphQLSchemaManager   : Custom mutations are {}
2026-07-02T13:12:16.016+05:30  WARN 38004 --- [  restartedMain] JpaBaseConfiguration$JpaWebConfiguration : spring.jpa.open-in-view is enabled by default. Therefore, database queries may be performed during view rendering. Explicitly configure spring.jpa.open-in-view to disable this warning
2026-07-02T13:12:16.575+05:30  INFO 38004 --- [  restartedMain] s.b.a.g.s.GraphQlWebMvcAutoConfiguration : GraphQL endpoint HTTP POST /graphql
2026-07-02T13:12:18.384+05:30  INFO 38004 --- [  restartedMain] o.s.b.a.h2.H2ConsoleAutoConfiguration    : H2 console available at '/h2-console'. Database available at 'jdbc:h2:file:./target/h2db/kogito'
2026-07-02T13:12:18.533+05:30  INFO 38004 --- [  restartedMain] o.s.b.d.a.OptionalLiveReloadServer       : LiveReload server is running on port 35729
2026-07-02T13:12:18.559+05:30  INFO 38004 --- [  restartedMain] o.s.b.a.e.web.EndpointLinksResolver      : Exposing 1 endpoint beneath base path '/actuator'
2026-07-02T13:12:18.729+05:30  INFO 38004 --- [  restartedMain] o.s.b.w.embedded.tomcat.TomcatWebServer  : Tomcat started on port 8080 (http) with context path '/'
2026-07-02T13:12:18.756+05:30  INFO 38004 --- [  restartedMain] org.acme.BamoeSpringBootApplication      : Started BamoeSpringBootApplication in 24.718 seconds (process running for 25.772)
2026-07-02T13:12:42.347+05:30  INFO 38004 --- [0.1-8080-exec-1] o.a.c.c.C.[Tomcat].[localhost].[/]       : Initializing Spring DispatcherServlet 'dispatcherServlet'
2026-07-02T13:12:42.347+05:30  INFO 38004 --- [0.1-8080-exec-1] o.s.web.servlet.DispatcherServlet        : Initializing Servlet 'dispatcherServlet'
2026-07-02T13:12:42.349+05:30  INFO 38004 --- [0.1-8080-exec-1] o.s.web.servlet.DispatcherServlet        : Completed initialization in 2 ms
2026-07-02T13:12:43.366+05:30  WARN 38004 --- [0.1-8080-exec-5] .m.m.a.ExceptionHandlerExceptionResolver : Resolved [org.acme.wrapper.exception.UnauthorizedException: A valid JWT is required to list tasks (Authorization: Bearer <token>).]
[INFO] ------------------------------------------------------------------------
[INFO] BUILD FAILURE
[INFO] ------------------------------------------------------------------------
[INFO] Total time:  03:31 min
[INFO] Finished at: 2026-07-02T13:14:56+05:30
[INFO] ------------------------------------------------------------------------
[ERROR] Failed to execute goal org.springframework.boot:spring-boot-maven-plugin:3.5.14:run (default-cli) on project your-bamoe-business-service: Process terminated with exit code: -1 -> [Help 1]
[ERROR] 
[ERROR] To see the full stack trace of the errors, re-run Maven with the -e switch.
[ERROR] Re-run Maven using the -X switch to enable full debug logging.
[ERROR] 
[ERROR] For more information about the errors and possible solutions, please read the following articles:
[ERROR] [Help 1] http://cwiki.apache.org/confluence/display/MAVEN/MojoExecutionException
